  ▲ Next.js 14.2.28
  - Environments: .env
  - Experiments (use with caution):
    · outputFileTracingRoot

   Creating an optimized production build ...
 ✓ Compiled successfully
   Skipping linting
   Checking validity of types ...
   Collecting page data ...
   Generating static pages (0/6) ...
   Generating static pages (1/6) 
   Generating static pages (2/6) 
   Generating static pages (4/6) 
 ✓ Generating static pages (6/6)
   Finalizing page optimization ...
   Collecting build traces ...

Route (app)                              Size     First Load JS
┌ ƒ /                                    7.96 kB         113 kB
├ ƒ /_not-found                          872 B          88.1 kB
├ ƒ /api/auth/[...nextauth]              0 B                0 B
├ ƒ /api/query                           0 B                0 B
├ ƒ /api/query-history                   0 B                0 B
├ ƒ /api/signup                          0 B                0 B
└ ƒ /dashboard                           10.7 kB         115 kB
+ First Load JS shared by all            87.2 kB
  ├ chunks/156-4442cf3185b27104.js       31.7 kB
  ├ chunks/ceb5afef-55dfafb3396e9efc.js  53.6 kB
  └ other shared chunks (total)          1.95 kB


ƒ  (Dynamic)  server-rendered on demand

exit_code=0
