[master 744b5a0] MC/DC testing framework with 56 passing tests
 178 files changed, 53552 insertions(+), 3 deletions(-)
 create mode 100644 nextjs_space/MC_DC_COVERAGE_REPORT.md
 create mode 100644 nextjs_space/MC_DC_COVERAGE_REPORT.pdf
 create mode 100644 nextjs_space/TESTING.md
 create mode 100644 nextjs_space/TESTING.pdf
 create mode 100644 nextjs_space/__tests__/api/auth.test.ts
 create mode 100644 nextjs_space/__tests__/api/query.test.ts
 create mode 100644 nextjs_space/__tests__/lib/auth.test.ts
 create mode 100644 nextjs_space/__tests__/utils/test-helpers.ts
 create mode 100644 nextjs_space/coverage/app/api/auth/[...nextauth]/index.html
 create mode 100644 nextjs_space/coverage/app/api/auth/[...nextauth]/route.ts.html
 create mode 100644 nextjs_space/coverage/app/api/query-history/index.html
 create mode 100644 nextjs_space/coverage/app/api/query-history/route.ts.html
 create mode 100644 nextjs_space/coverage/app/api/query/index.html
 create mode 100644 nextjs_space/coverage/app/api/query/route.ts.html
 create mode 100644 nextjs_space/coverage/app/api/signup/index.html
 create mode 100644 nextjs_space/coverage/app/api/signup/route.ts.html
 create mode 100644 nextjs_space/coverage/app/dashboard/dashboard-client.tsx.html
 create mode 100644 nextjs_space/coverage/app/dashboard/index.html
 create mode 100644 nextjs_space/coverage/app/dashboard/page.tsx.html
 create mode 100644 nextjs_space/coverage/app/index.html
 create mode 100644 nextjs_space/coverage/app/layout.tsx.html
 create mode 100644 nextjs_space/coverage/app/page.tsx.html
 create mode 100644 nextjs_space/coverage/base.css
 create mode 100644 nextjs_space/coverage/block-navigation.js
 create mode 100644 nextjs_space/coverage/components/auth-page.tsx.html
 create mode 100644 nextjs_space/coverage/components/index.html
 create mode 100644 nextjs_space/coverage/components/query-history.tsx.html
 create mode 100644 nextjs_space/coverage/components/query-interface.tsx.html
 create mode 100644 nextjs_space/coverage/components/session-provider.tsx.html
 create mode 100644 nextjs_space/coverage/components/theme-provider.tsx.html
 create mode 100644 nextjs_space/coverage/components/ui/accordion.tsx.html
 create mode 100644 nextjs_space/coverage/components/ui/alert-dialog.tsx.html
 create mode 100644 nextjs_space/coverage/components/ui/alert.tsx.html
 create mode 100644 nextjs_space/coverage/components/ui/aspect-ratio.tsx.html
 create mode 100644 nextjs_space/coverage/components/ui/avatar.tsx.html
 create mode 100644 nextjs_space/coverage/components/ui/badge.tsx.html
 create mode 100644 nextjs_space/coverage/components/ui/breadcrumb.tsx.html
 create mode 100644 nextjs_space/coverage/components/ui/button.tsx.html
 create mode 100644 nextjs_space/coverage/components/ui/calendar.tsx.html
 create mode 100644 nextjs_space/coverage/components/ui/card.tsx.html
 create mode 100644 nextjs_space/coverage/components/ui/carousel.tsx.html
 create mode 100644 nextjs_space/coverage/components/ui/checkbox.tsx.html
 create mode 100644 nextjs_space/coverage/components/ui/collapsible.tsx.html
 create mode 100644 nextjs_space/coverage/components/ui/command.tsx.html
 create mode 100644 nextjs_space/coverage/components/ui/context-menu.tsx.html
 create mode 100644 nextjs_space/coverage/components/ui/date-range-picker.tsx.html
 create mode 100644 nextjs_space/coverage/components/ui/dialog.tsx.html
 create mode 100644 nextjs_space/coverage/components/ui/drawer.tsx.html
 create mode 100644 nextjs_space/coverage/components/ui/dropdown-menu.tsx.html
 create mode 100644 nextjs_space/coverage/components/ui/form.tsx.html
 create mode 100644 nextjs_space/coverage/components/ui/hover-card.tsx.html
 create mode 100644 nextjs_space/coverage/components/ui/index.html
 create mode 100644 nextjs_space/coverage/components/ui/input-otp.tsx.html
 create mode 100644 nextjs_space/coverage/components/ui/input.tsx.html
 create mode 100644 nextjs_space/coverage/components/ui/label.tsx.html
 create mode 100644 nextjs_space/coverage/components/ui/menubar.tsx.html
 create mode 100644 nextjs_space/coverage/components/ui/navigation-menu.tsx.html
 create mode 100644 nextjs_space/coverage/components/ui/pagination.tsx.html
 create mode 100644 nextjs_space/coverage/components/ui/popover.tsx.html
 create mode 100644 nextjs_space/coverage/components/ui/progress.tsx.html
 create mode 100644 nextjs_space/coverage/components/ui/radio-group.tsx.html
 create mode 100644 nextjs_space/coverage/components/ui/resizable.tsx.html
 create mode 100644 nextjs_space/coverage/components/ui/scroll-area.tsx.html
 create mode 100644 nextjs_space/coverage/components/ui/select.tsx.html
 create mode 100644 nextjs_space/coverage/components/ui/separator.tsx.html
 create mode 100644 nextjs_space/coverage/components/ui/sheet.tsx.html
 create mode 100644 nextjs_space/coverage/components/ui/skeleton.tsx.html
 create mode 100644 nextjs_space/coverage/components/ui/slider.tsx.html
 create mode 100644 nextjs_space/coverage/components/ui/sonner.tsx.html
 create mode 100644 nextjs_space/coverage/components/ui/switch.tsx.html
 create mode 100644 nextjs_space/coverage/components/ui/table.tsx.html
 create mode 100644 nextjs_space/coverage/components/ui/tabs.tsx.html
 create mode 100644 nextjs_space/coverage/components/ui/task-card.tsx.html
 create mode 100644 nextjs_space/coverage/components/ui/textarea.tsx.html
 create mode 100644 nextjs_space/coverage/components/ui/toast.tsx.html
 create mode 100644 nextjs_space/coverage/components/ui/toaster.tsx.html
 create mode 100644 nextjs_space/coverage/components/ui/toggle-group.tsx.html
 create mode 100644 nextjs_space/coverage/components/ui/toggle.tsx.html
 create mode 100644 nextjs_space/coverage/components/ui/tooltip.tsx.html
 create mode 100644 nextjs_space/coverage/components/ui/use-toast.ts.html
 create mode 100644 nextjs_space/coverage/coverage-summary.json
 create mode 100644 nextjs_space/coverage/favicon.png
 create mode 100644 nextjs_space/coverage/index.html
 create mode 100644 nextjs_space/coverage/lcov-report/app/api/auth/[...nextauth]/index.html
 create mode 100644 nextjs_space/coverage/lcov-report/app/api/auth/[...nextauth]/route.ts.html
 create mode 100644 nextjs_space/coverage/lcov-report/app/api/query-history/index.html
 create mode 100644 nextjs_space/coverage/lcov-report/app/api/query-history/route.ts.html
 create mode 100644 nextjs_space/coverage/lcov-report/app/api/query/index.html
 create mode 100644 nextjs_space/coverage/lcov-report/app/api/query/route.ts.html
 create mode 100644 nextjs_space/coverage/lcov-report/app/api/signup/index.html
 create mode 100644 nextjs_space/coverage/lcov-report/app/api/signup/route.ts.html
 create mode 100644 nextjs_space/coverage/lcov-report/app/dashboard/dashboard-client.tsx.html
 create mode 100644 nextjs_space/coverage/lcov-report/app/dashboard/index.html
 create mode 100644 nextjs_space/coverage/lcov-report/app/dashboard/page.tsx.html
 create mode 100644 nextjs_space/coverage/lcov-report/app/index.html
 create mode 100644 nextjs_space/coverage/lcov-report/app/layout.tsx.html
 create mode 100644 nextjs_space/coverage/lcov-report/app/page.tsx.html
 create mode 100644 nextjs_space/coverage/lcov-report/base.css
 create mode 100644 nextjs_space/coverage/lcov-report/block-navigation.js
 create mode 100644 nextjs_space/coverage/lcov-report/components/auth-page.tsx.html
 create mode 100644 nextjs_space/coverage/lcov-report/components/index.html
 create mode 100644 nextjs_space/coverage/lcov-report/components/query-history.tsx.html
 create mode 100644 nextjs_space/coverage/lcov-report/components/query-interface.tsx.html
 create mode 100644 nextjs_space/coverage/lcov-report/components/session-provider.tsx.html
 create mode 100644 nextjs_space/coverage/lcov-report/components/theme-provider.tsx.html
 create mode 100644 nextjs_space/coverage/lcov-report/components/ui/accordion.tsx.html
 create mode 100644 nextjs_space/coverage/lcov-report/components/ui/alert-dialog.tsx.html
 create mode 100644 nextjs_space/coverage/lcov-report/components/ui/alert.tsx.html
 create mode 100644 nextjs_space/coverage/lcov-report/components/ui/aspect-ratio.tsx.html
 create mode 100644 nextjs_space/coverage/lcov-report/components/ui/avatar.tsx.html
 create mode 100644 nextjs_space/coverage/lcov-report/components/ui/badge.tsx.html
 create mode 100644 nextjs_space/coverage/lcov-report/components/ui/breadcrumb.tsx.html
 create mode 100644 nextjs_space/coverage/lcov-report/components/ui/button.tsx.html
 create mode 100644 nextjs_space/coverage/lcov-report/components/ui/calendar.tsx.html
 create mode 100644 nextjs_space/coverage/lcov-report/components/ui/card.tsx.html
 create mode 100644 nextjs_space/coverage/lcov-report/components/ui/carousel.tsx.html
 create mode 100644 nextjs_space/coverage/lcov-report/components/ui/checkbox.tsx.html
 create mode 100644 nextjs_space/coverage/lcov-report/components/ui/collapsible.tsx.html
 create mode 100644 nextjs_space/coverage/lcov-report/components/ui/command.tsx.html
 create mode 100644 nextjs_space/coverage/lcov-report/components/ui/context-menu.tsx.html
 create mode 100644 nextjs_space/coverage/lcov-report/components/ui/date-range-picker.tsx.html
 create mode 100644 nextjs_space/coverage/lcov-report/components/ui/dialog.tsx.html
 create mode 100644 nextjs_space/coverage/lcov-report/components/ui/drawer.tsx.html
 create mode 100644 nextjs_space/coverage/lcov-report/components/ui/dropdown-menu.tsx.html
 create mode 100644 nextjs_space/coverage/lcov-report/components/ui/form.tsx.html
 create mode 100644 nextjs_space/coverage/lcov-report/components/ui/hover-card.tsx.html
 create mode 100644 nextjs_space/coverage/lcov-report/components/ui/index.html
 create mode 100644 nextjs_space/coverage/lcov-report/components/ui/input-otp.tsx.html
 create mode 100644 nextjs_space/coverage/lcov-report/components/ui/input.tsx.html
 create mode 100644 nextjs_space/coverage/lcov-report/components/ui/label.tsx.html
 create mode 100644 nextjs_space/coverage/lcov-report/components/ui/menubar.tsx.html
 create mode 100644 nextjs_space/coverage/lcov-report/components/ui/navigation-menu.tsx.html
 create mode 100644 nextjs_space/coverage/lcov-report/components/ui/pagination.tsx.html
 create mode 100644 nextjs_space/coverage/lcov-report/components/ui/popover.tsx.html
 create mode 100644 nextjs_space/coverage/lcov-report/components/ui/progress.tsx.html
 create mode 100644 nextjs_space/coverage/lcov-report/components/ui/radio-group.tsx.html
 create mode 100644 nextjs_space/coverage/lcov-report/components/ui/resizable.tsx.html
 create mode 100644 nextjs_space/coverage/lcov-report/components/ui/scroll-area.tsx.html
 create mode 100644 nextjs_space/coverage/lcov-report/components/ui/select.tsx.html
 create mode 100644 nextjs_space/coverage/lcov-report/components/ui/separator.tsx.html
 create mode 100644 nextjs_space/coverage/lcov-report/components/ui/sheet.tsx.html
 create mode 100644 nextjs_space/coverage/lcov-report/components/ui/skeleton.tsx.html
 create mode 100644 nextjs_space/coverage/lcov-report/components/ui/slider.tsx.html
 create mode 100644 nextjs_space/coverage/lcov-report/components/ui/sonner.tsx.html
 create mode 100644 nextjs_space/coverage/lcov-report/components/ui/switch.tsx.html
 create mode 100644 nextjs_space/coverage/lcov-report/components/ui/table.tsx.html
 create mode 100644 nextjs_space/coverage/lcov-report/components/ui/tabs.tsx.html
 create mode 100644 nextjs_space/coverage/lcov-report/components/ui/task-card.tsx.html
 create mode 100644 nextjs_space/coverage/lcov-report/components/ui/textarea.tsx.html
 create mode 100644 nextjs_space/coverage/lcov-report/components/ui/toast.tsx.html
 create mode 100644 nextjs_space/coverage/lcov-report/components/ui/toaster.tsx.html
 create mode 100644 nextjs_space/coverage/lcov-report/components/ui/toggle-group.tsx.html
 create mode 100644 nextjs_space/coverage/lcov-report/components/ui/toggle.tsx.html
 create mode 100644 nextjs_space/coverage/lcov-report/components/ui/tooltip.tsx.html
 create mode 100644 nextjs_space/coverage/lcov-report/components/ui/use-toast.ts.html
 create mode 100644 nextjs_space/coverage/lcov-report/favicon.png
 create mode 100644 nextjs_space/coverage/lcov-report/index.html
 create mode 100644 nextjs_space/coverage/lcov-report/lib/auth.ts.html
 create mode 100644 nextjs_space/coverage/lcov-report/lib/db.ts.html
 create mode 100644 nextjs_space/coverage/lcov-report/lib/index.html
 create mode 100644 nextjs_space/coverage/lcov-report/lib/utils.ts.html
 create mode 100644 nextjs_space/coverage/lcov-report/prettify.css
 create mode 100644 nextjs_space/coverage/lcov-report/prettify.js
 create mode 100644 nextjs_space/coverage/lcov-report/sort-arrow-sprite.png
 create mode 100644 nextjs_space/coverage/lcov-report/sorter.js
 create mode 100644 nextjs_space/coverage/lcov.info
 create mode 100644 nextjs_space/coverage/lib/auth.ts.html
 create mode 100644 nextjs_space/coverage/lib/db.ts.html
 create mode 100644 nextjs_space/coverage/lib/index.html
 create mode 100644 nextjs_space/coverage/lib/utils.ts.html
 create mode 100644 nextjs_space/coverage/prettify.css
 create mode 100644 nextjs_space/coverage/prettify.js
 create mode 100644 nextjs_space/coverage/sort-arrow-sprite.png
 create mode 100644 nextjs_space/coverage/sorter.js
 create mode 100644 nextjs_space/jest.config.ts
 create mode 100644 nextjs_space/jest.setup.ts
###744b5a0efbc1285a7e8b3c7e9c039ba971f24b56###
