  ▲ Next.js 14.2.28
  - Local:        http://localhost:3000
  - Environments: .env
  - Experiments (use with caution):
    · outputFileTracingRoot

 ✓ Starting...
 ✓ Ready in 1552ms
 ○ Compiling / ...
 ✓ Compiled / in 3.7s (890 modules)
 GET / 200 in 3866ms
 ✓ Compiled in 499ms (327 modules)
 ✓ Compiled /api/auth/[...nextauth] in 220ms (562 modules)
 GET /api/auth/providers 200 in 631ms
 GET / 200 in 71ms
 GET /api/auth/session 200 in 34ms
 GET /api/auth/session 200 in 19ms
 GET /api/auth/csrf 200 in 37ms
 ✓ Compiled /api/signup in 236ms (588 modules)
 POST /api/signup 200 in 528ms
 GET / 200 in 66ms
 GET /api/auth/signin 302 in 40ms
 GET /?callbackUrl=https://2aea113e.preview.abacusai.app 200 in 36ms
 GET /api/auth/csrf 200 in 20ms
 POST /api/auth/callback/credentials 302 in 100ms
 ○ Compiling /dashboard ...
 ✓ Compiled /dashboard in 625ms (1018 modules)
 GET /dashboard 200 in 711ms
 GET /dashboard 200 in 53ms
 GET / 307 in 57ms
 GET /dashboard 200 in 36ms
 GET /api/auth/session 200 in 44ms
 GET /api/auth/session 200 in 21ms
 GET /api/auth/session 200 in 20ms
 GET /api/auth/session 200 in 19ms
 GET /api/auth/session 200 in 22ms
 ✓ Compiled in 371ms (1030 modules)
[?25h
