  ▲ Next.js 14.2.28
  - Local:        http://localhost:3000
  - Environments: .env
  - Experiments (use with caution):
    · outputFileTracingRoot

 ✓ Starting...
 ✓ Ready in 1653ms
 ○ Compiling / ...
 ✓ Compiled / in 3s (889 modules)
 GET / 200 in 3184ms
 ✓ Compiled in 445ms (327 modules)
 ✓ Compiled /api/auth/[...nextauth] in 210ms (561 modules)
 GET /api/auth/providers 200 in 615ms
 GET / 200 in 67ms
 GET /api/auth/session 200 in 30ms
 GET /api/auth/session 200 in 18ms
 GET /api/auth/csrf 200 in 33ms
 ✓ Compiled /api/signup in 236ms (587 modules)
 POST /api/signup 200 in 490ms
 GET / 200 in 64ms
 GET /api/auth/signin 302 in 36ms
 GET /?callbackUrl=https://2aea113e.preview.abacusai.app 200 in 32ms
 GET /api/auth/csrf 200 in 19ms
 POST /api/auth/callback/credentials 302 in 97ms
 ○ Compiling /dashboard ...
 ✓ Compiled /dashboard in 630ms (1017 modules)
 GET /dashboard 200 in 709ms
 GET / 307 in 57ms
 GET /dashboard 200 in 52ms
 GET /dashboard 200 in 36ms
 GET /api/auth/session 200 in 41ms
 GET /api/auth/session 200 in 20ms
 GET /api/auth/session 200 in 18ms
 GET /api/auth/session 200 in 19ms
 GET /api/auth/session 200 in 20ms
[?25h
