  ▲ Next.js 14.2.28
  - Local:        http://localhost:3000
  - Environments: .env
  - Experiments (use with caution):
    · outputFileTracingRoot

 ✓ Starting...
 ✓ Ready in 1601ms
 ○ Compiling / ...
 ✓ Compiled / in 2.1s (882 modules)
 GET / 200 in 2493ms
 ✓ Compiled in 508ms (327 modules)
 GET / 200 in 43ms
 ✓ Compiled /api/auth/[...nextauth] in 356ms (561 modules)
 GET /api/auth/session 200 in 799ms
 GET /api/auth/session 200 in 33ms
 GET / 200 in 77ms
 GET / 200 in 53ms
 GET / 200 in 35ms
 GET / 200 in 35ms
 GET /api/auth/session 200 in 33ms
 GET /api/auth/session 200 in 18ms
 GET / 200 in 60ms
 GET / 200 in 46ms
[?25h
