Attention: Next.js now collects completely anonymous telemetry regarding usage.
This information is used to shape Next.js' roadmap and prioritize features.
You can learn more, including how to opt-out if you'd not like to participate in this anonymous program, by visiting the following URL:
https://nextjs.org/telemetry

  ▲ Next.js 14.2.28
  - Experiments (use with caution):
    · outputFileTracingRoot

   Creating an optimized production build ...
 ✓ Compiled successfully
   Skipping linting
   Checking validity of types ...
   Collecting page data ...
   Generating static pages (0/6) ...
   Generating static pages (1/6) 
   Generating static pages (2/6) 
   Generating static pages (4/6) 
 ✓ Generating static pages (6/6)
   Finalizing page optimization ...
   Collecting build traces ...

Route (app)                              Size     First Load JS
┌ ƒ /                                    7.96 kB         113 kB
├ ƒ /_not-found                          873 B          88.1 kB
├ ƒ /api/auth/[...nextauth]              0 B                0 B
├ ƒ /api/query                           0 B                0 B
├ ƒ /api/query-history                   0 B                0 B
├ ƒ /api/signup                          0 B                0 B
└ ƒ /dashboard                           10.6 kB         115 kB
+ First Load JS shared by all            87.2 kB
  ├ chunks/117-881f8649260676e5.js       31.6 kB
  ├ chunks/fd9d1056-b6d29294a4122bb6.js  53.6 kB
  └ other shared chunks (total)          1.95 kB


ƒ  (Dynamic)  server-rendered on demand

Successfully built app artifact
