[master (root-commit) 3f46823] Complete Data Retriever Application
 87 files changed, 7543 insertions(+)
 create mode 100644 .abacus.donotdelete
 create mode 100644 .gitignore
 create mode 100644 nextjs_space/.env
 create mode 100644 nextjs_space/.yarnrc.yml
 create mode 100644 nextjs_space/app/api/auth/[...nextauth]/route.ts
 create mode 100644 nextjs_space/app/api/query-history/route.ts
 create mode 100644 nextjs_space/app/api/query/route.ts
 create mode 100644 nextjs_space/app/api/signup/route.ts
 create mode 100644 nextjs_space/app/dashboard/dashboard-client.tsx
 create mode 100644 nextjs_space/app/dashboard/page.tsx
 create mode 100644 nextjs_space/app/globals.css
 create mode 100644 nextjs_space/app/layout.tsx
 create mode 100644 nextjs_space/app/page.tsx
 create mode 100644 nextjs_space/components.json
 create mode 100644 nextjs_space/components/auth-page.tsx
 create mode 100644 nextjs_space/components/query-history.tsx
 create mode 100644 nextjs_space/components/query-interface.tsx
 create mode 100644 nextjs_space/components/session-provider.tsx
 create mode 100644 nextjs_space/components/theme-provider.tsx
 create mode 100644 nextjs_space/components/ui/accordion.tsx
 create mode 100644 nextjs_space/components/ui/alert-dialog.tsx
 create mode 100644 nextjs_space/components/ui/alert.tsx
 create mode 100644 nextjs_space/components/ui/aspect-ratio.tsx
 create mode 100644 nextjs_space/components/ui/avatar.tsx
 create mode 100644 nextjs_space/components/ui/badge.tsx
 create mode 100644 nextjs_space/components/ui/breadcrumb.tsx
 create mode 100644 nextjs_space/components/ui/button.tsx
 create mode 100644 nextjs_space/components/ui/calendar.tsx
 create mode 100644 nextjs_space/components/ui/card.tsx
 create mode 100644 nextjs_space/components/ui/carousel.tsx
 create mode 100644 nextjs_space/components/ui/checkbox.tsx
 create mode 100644 nextjs_space/components/ui/collapsible.tsx
 create mode 100644 nextjs_space/components/ui/command.tsx
 create mode 100644 nextjs_space/components/ui/context-menu.tsx
 create mode 100644 nextjs_space/components/ui/date-range-picker.tsx
 create mode 100644 nextjs_space/components/ui/dialog.tsx
 create mode 100644 nextjs_space/components/ui/drawer.tsx
 create mode 100644 nextjs_space/components/ui/dropdown-menu.tsx
 create mode 100644 nextjs_space/components/ui/form.tsx
 create mode 100644 nextjs_space/components/ui/hover-card.tsx
 create mode 100644 nextjs_space/components/ui/input-otp.tsx
 create mode 100644 nextjs_space/components/ui/input.tsx
 create mode 100644 nextjs_space/components/ui/label.tsx
 create mode 100644 nextjs_space/components/ui/menubar.tsx
 create mode 100644 nextjs_space/components/ui/navigation-menu.tsx
 create mode 100644 nextjs_space/components/ui/pagination.tsx
 create mode 100644 nextjs_space/components/ui/popover.tsx
 create mode 100644 nextjs_space/components/ui/progress.tsx
 create mode 100644 nextjs_space/components/ui/radio-group.tsx
 create mode 100644 nextjs_space/components/ui/resizable.tsx
 create mode 100644 nextjs_space/components/ui/scroll-area.tsx
 create mode 100644 nextjs_space/components/ui/select.tsx
 create mode 100644 nextjs_space/components/ui/separator.tsx
 create mode 100644 nextjs_space/components/ui/sheet.tsx
 create mode 100644 nextjs_space/components/ui/skeleton.tsx
 create mode 100644 nextjs_space/components/ui/slider.tsx
 create mode 100644 nextjs_space/components/ui/sonner.tsx
 create mode 100644 nextjs_space/components/ui/switch.tsx
 create mode 100644 nextjs_space/components/ui/table.tsx
 create mode 100644 nextjs_space/components/ui/tabs.tsx
 create mode 100644 nextjs_space/components/ui/task-card.tsx
 create mode 100644 nextjs_space/components/ui/textarea.tsx
 create mode 100644 nextjs_space/components/ui/toast.tsx
 create mode 100644 nextjs_space/components/ui/toaster.tsx
 create mode 100644 nextjs_space/components/ui/toggle-group.tsx
 create mode 100644 nextjs_space/components/ui/toggle.tsx
 create mode 100644 nextjs_space/components/ui/tooltip.tsx
 create mode 100644 nextjs_space/components/ui/use-toast.ts
 create mode 100644 nextjs_space/cookies.txt
 create mode 100644 nextjs_space/dashboard.html
 create mode 100644 nextjs_space/hooks/use-toast.ts
 create mode 100644 nextjs_space/lib/auth.ts
 create mode 100644 nextjs_space/lib/db.ts
 create mode 100644 nextjs_space/lib/types.ts
 create mode 100644 nextjs_space/lib/utils.ts
 create mode 100644 nextjs_space/next-env.d.ts
 create mode 100644 nextjs_space/next.config.js
 create mode 100644 nextjs_space/package.json
 create mode 100644 nextjs_space/postcss.config.js
 create mode 100644 nextjs_space/prisma/schema.prisma
 create mode 100644 nextjs_space/public/favicon.svg
 create mode 100644 nextjs_space/public/og-image.png
 create mode 100644 nextjs_space/public/robots.txt
 create mode 100644 nextjs_space/scripts/seed.ts
 create mode 100644 nextjs_space/tailwind.config.ts
 create mode 100644 nextjs_space/tsconfig.json
 create mode 120000 nextjs_space/yarn.lock
###3f4682328f8b04687708c495934455a38fc39eeb###
