  ▲ Next.js 14.2.28
  - Local:        http://localhost:3000
  - Environments: .env
  - Experiments (use with caution):
    · outputFileTracingRoot

 ✓ Starting...
 ✓ Ready in 1903ms
 ○ Compiling / ...
 ✓ Compiled / in 4.5s (889 modules)
 GET / 200 in 4754ms
 ✓ Compiled in 643ms (327 modules)
 ✓ Compiled /api/auth/[...nextauth] in 248ms (561 modules)
 GET /api/auth/providers 200 in 708ms
 GET / 200 in 100ms
 GET /api/auth/session 200 in 56ms
 GET /api/auth/session 200 in 50ms
 GET /api/auth/csrf 200 in 36ms
 ✓ Compiled /api/signup in 236ms (587 modules)
 POST /api/signup 200 in 524ms
 GET / 200 in 72ms
 GET /api/auth/signin 302 in 40ms
 GET /?callbackUrl=https://2aea113e.preview.abacusai.app 200 in 45ms
 GET /api/auth/csrf 200 in 18ms
 POST /api/auth/callback/credentials 302 in 97ms
 ○ Compiling /dashboard ...
 ✓ Compiled /dashboard in 892ms (1017 modules)
 GET /dashboard 200 in 980ms
 GET /dashboard 200 in 55ms
 GET / 307 in 60ms
 GET /dashboard 200 in 31ms
 GET /api/auth/session 200 in 54ms
 GET /api/auth/session 200 in 32ms
 GET /api/auth/session 200 in 23ms
 GET /api/auth/session 200 in 44ms
 GET /api/auth/session 200 in 64ms
 POST /api/signup 200 in 115ms
 POST /api/auth/callback/credentials 302 in 37ms
 POST /api/auth/signin/credentials 302 in 41ms
 GET /dashboard 307 in 59ms
[?25h
