➤ YN0000: · Yarn 4.10.3
➤ YN0000: ┌ Resolution step
➤ YN0000: └ Completed
➤ YN0000: ┌ Post-resolution validation
➤ YN0060: │ @typescript-eslint/parser is listed by your project with version 7.0.0 (p6cb6c0), which doesn't satisfy what @typescript-eslint/eslint-plugin requests (^6.0.0-alpha).
➤ YN0060: │ eslint is listed by your project with version 9.24.0 (pe6e000), which doesn't satisfy what @typescript-eslint/eslint-plugin and other dependencies request (^8.57.0).
➤ YN0002: │ app@workspace:. doesn't provide prettier (pd88b5f), requested by eslint-plugin-prettier.
➤ YN0086: │ Some peer dependencies are incorrectly met by your project; run yarn explain peer-requirements <hash> for details, where <hash> is the six-letter p-prefixed code.
➤ YN0086: │ Some peer dependencies are incorrectly met by dependencies; run yarn explain peer-requirements for details.
➤ YN0000: └ Completed
➤ YN0000: ┌ Fetch step
➤ YN0000: └ Completed in 1s 410ms
➤ YN0000: ┌ Link step
➤ YN0000: └ Completed in 0s 270ms
➤ YN0000: · Done with warnings in 2s 42ms
Environment variables loaded from .env
Prisma schema loaded from prisma/schema.prisma

✔ Generated Prisma Client (v6.7.0) to ./node_modules/.prisma/client in 187ms

Start by importing your Prisma Client (See: https://pris.ly/d/importing-client)

Tip: Want to turn off tips and other hints? https://pris.ly/tip-4-nohints

Starting server...
  ▲ Next.js 14.2.28
  - Local:        http://localhost:3000
  - Environments: .env
  - Experiments (use with caution):
    · outputFileTracingRoot

 ✓ Starting...
 ✓ Ready in 2.1s
 ○ Compiling / ...
 ✓ Compiled / in 4.4s (889 modules)
 GET / 200 in 603ms
 ✓ Compiled in 642ms (327 modules)
 GET / 200 in 188ms
 GET / 200 in 88ms
 ○ Compiling /api/auth/[...nextauth] ...
 ✓ Compiled /api/auth/[...nextauth] in 986ms (561 modules)
 GET /api/auth/session 200 in 1506ms
 GET /api/auth/session 200 in 31ms
 GET / 200 in 78ms
 ✓ Compiled /api/signup in 301ms (587 modules)
 POST /api/signup 200 in 552ms
 GET /api/auth/providers 200 in 46ms
 GET /api/auth/csrf 200 in 22ms
 POST /api/auth/callback/credentials 200 in 100ms
 GET /api/auth/session 200 in 35ms
 ○ Compiling /dashboard ...
 ✓ Compiled /dashboard in 795ms (1017 modules)
 GET /dashboard?_rsc=3y0gy 200 in 29ms
 GET / 200 in 113ms
 ✓ Compiled /api/query in 240ms (648 modules)
 POST /api/query 200 in 2206ms
 GET / 200 in 104ms
 GET / 200 in 124ms
 GET / 200 in 226ms
 GET / 200 in 60ms
 GET / 200 in 83ms
 GET / 200 in 159ms
 GET / 200 in 66ms
 GET / 200 in 61ms
 GET / 200 in 41ms
 GET / 200 in 32ms
 GET / 200 in 171ms
 GET / 200 in 33ms
 GET / 200 in 32ms
 GET / 200 in 52ms
 GET / 200 in 34ms
 GET / 200 in 36ms
 GET / 200 in 69ms
 GET / 200 in 90ms
 GET / 200 in 62ms
 GET / 200 in 35ms
 GET / 200 in 69ms
 GET / 200 in 52ms
